<?xml version="1.0" encoding="UTF-8"?>
<testng-results ignored="0" total="1" passed="1" failed="0" skipped="0">
  <reporter-output>
  </reporter-output>
  <suite started-at="2021-07-15T05:54:53 IST" name="SeleniumJava.Hybridframework" finished-at="2021-07-15T05:55:27 IST" duration-ms="34074">
    <groups>
    </groups>
    <test started-at="2021-07-15T05:54:53 IST" name="BankingApp Test on chrome" finished-at="2021-07-15T05:55:27 IST" duration-ms="34074">
      <class name="framework.testCases.TC_AddCustomerTest_03">
        <test-method is-config="true" signature="setup(java.lang.String)[pri:0, instance:framework.testCases.TC_AddCustomerTest_03@50b472aa]" started-at="2021-07-15T05:54:53 IST" name="setup" finished-at="2021-07-15T05:55:08 IST" duration-ms="14054" status="PASS">
          <params>
            <param index="0">
              <value>
                <![CDATA[chrome]]>
              </value>
            </param>
          </params>
          <reporter-output>
          </reporter-output>
        </test-method> <!-- setup -->
        <test-method signature="addNewCustomer()[pri:0, instance:framework.testCases.TC_AddCustomerTest_03@50b472aa]" started-at="2021-07-15T05:55:08 IST" name="addNewCustomer" finished-at="2021-07-15T05:55:27 IST" duration-ms="19494" status="PASS">
          <reporter-output>
          </reporter-output>
        </test-method> <!-- addNewCustomer -->
        <test-method is-config="true" signature="tearDown()[pri:0, instance:framework.testCases.TC_AddCustomerTest_03@50b472aa]" started-at="2021-07-15T05:55:27 IST" name="tearDown" finished-at="2021-07-15T05:55:27 IST" duration-ms="226" status="PASS">
          <reporter-output>
          </reporter-output>
        </test-method> <!-- tearDown -->
      </class> <!-- framework.testCases.TC_AddCustomerTest_03 -->
    </test> <!-- BankingApp Test on chrome -->
  </suite> <!-- SeleniumJava.Hybridframework -->
</testng-results>
