<?xml version="1.0" encoding="UTF-8"?>
<!-- Generated by org.testng.reporters.JUnitXMLReporter -->
<testsuite ignored="0" hostname="Manul-W" failures="2" tests="5" name="BankingApp Test" time="46.621" errors="0" timestamp="2021-07-11T08:22:07 IST">
  <testcase classname="eBanking.testCases.TC_LoginTest_01" name="loginTest" time="1.676"/>
  <testcase classname="eBanking.testCases.TC_LoginDDT_02" name="loginDDT" time="10.313"/>
  <testcase classname="eBanking.testCases.TC_LoginDDT_02" name="loginDDT" time="4.997">
    <failure type="java.lang.AssertionError" message="expected [true] but found [false]">
      <![CDATA[java.lang.AssertionError: expected [true] but found [false]
at eBanking.testCases.TC_LoginDDT_02.loginDDT(TC_LoginDDT_02.java:31)
at java.base/java.util.ArrayList.forEach(ArrayList.java:1511)
... Removed 31 stack frames]]>
    </failure>
  </testcase> <!-- loginDDT -->
  <testcase classname="eBanking.testCases.TC_LoginDDT_02" name="loginDDT" time="4.927">
    <failure type="java.lang.AssertionError" message="expected [true] but found [false]">
      <![CDATA[java.lang.AssertionError: expected [true] but found [false]
at eBanking.testCases.TC_LoginDDT_02.loginDDT(TC_LoginDDT_02.java:31)
at java.base/java.util.ArrayList.forEach(ArrayList.java:1511)
... Removed 31 stack frames]]>
    </failure>
  </testcase> <!-- loginDDT -->
  <testcase classname="eBanking.testCases.TC_LoginDDT_02" name="loginDDT" time="9.724"/>
</testsuite> <!-- BankingApp Test -->
