<?xml version="1.0" encoding="UTF-8"?>
<!-- Generated by org.testng.reporters.JUnitXMLReporter -->
<testsuite ignored="0" hostname="Manul-W" failures="2" tests="6" name="BankingApp Test on chrome" time="94.198" errors="0" timestamp="2021-07-14T20:54:25 IST">
  <testcase classname="eBanking.testCases.TC_LoginTest_01" name="loginTest" time="4.011"/>
  <testcase classname="eBanking.testCases.TC_LoginDDT_02" name="loginDDT" time="15.585"/>
  <testcase classname="eBanking.testCases.TC_LoginDDT_02" name="loginDDT" time="7.468">
    <failure type="java.lang.AssertionError" message="expected [true] but found [false]">
      <![CDATA[java.lang.AssertionError: expected [true] but found [false]
at eBanking.testCases.TC_LoginDDT_02.loginDDT(TC_LoginDDT_02.java:31)
at java.base/java.util.ArrayList.forEach(ArrayList.java:1511)
... Removed 31 stack frames]]>
    </failure>
  </testcase> <!-- loginDDT -->
  <testcase classname="eBanking.testCases.TC_LoginDDT_02" name="loginDDT" time="5.761">
    <failure type="java.lang.AssertionError" message="expected [true] but found [false]">
      <![CDATA[java.lang.AssertionError: expected [true] but found [false]
at eBanking.testCases.TC_LoginDDT_02.loginDDT(TC_LoginDDT_02.java:31)
at java.base/java.util.ArrayList.forEach(ArrayList.java:1511)
... Removed 31 stack frames]]>
    </failure>
  </testcase> <!-- loginDDT -->
  <testcase classname="eBanking.testCases.TC_LoginDDT_02" name="loginDDT" time="10.665"/>
  <testcase classname="eBanking.testCases.TC_AddCustomerTest_03" name="addNewCustomer" time="18.81"/>
</testsuite> <!-- BankingApp Test on chrome -->
